-------------------------------------------------------------------------------
Test set: com.runaddictmusic.luhn.LuhnTest
-------------------------------------------------------------------------------
Tests run: 4, Failures: 1, Errors: 0, Skipped: 0, Time elapsed: 0.158 s <<< FAILURE! - in com.runaddictmusic.luhn.LuhnTest
implementsLuhnFormulaCorrectly  Time elapsed: 0.004 s  <<< FAILURE!
org.opentest4j.AssertionFailedError: expected: <true> but was: <false>
	at com.runaddictmusic.luhn.LuhnTest.implementsLuhnFormulaCorrectly(LuhnTest.java:25)

