-------------------------------------------------------------------------------
Test set: com.runaddictmusic.luhn.PersonTest
-------------------------------------------------------------------------------
Tests run: 2, Failures: 0, Errors: 1, Skipped: 0, Time elapsed: 0.065 s <<< FAILURE! - in com.runaddictmusic.luhn.PersonTest
implementsLuhnFormulaCorrectly  Time elapsed: 0.013 s  <<< ERROR!
java.lang.StringIndexOutOfBoundsException: String index out of range: 7
	at com.runaddictmusic.luhn.PersonTest.implementsLuhnFormulaCorrectly(PersonTest.java:22)

